<?xml version="1.0" encoding="UTF-8"?>
<robot generator="Robot 6.1.1 (Python 3.12.0 on win32)" generated="20240126 13:53:43.467" rpa="false" schemaversion="4">
<suite id="s1" name="Webtest" source="C:\development\robot-scripts\AutomationWebSiteTest\tests\webtest.robot">
<test id="s1-t1" name="MainPage loads successfully" line="21">
<kw name="Begin Web Test" library="Common" type="SETUP">
<kw name="Open Browser" library="SeleniumLibrary">
<arg>about:blank</arg>
<arg>${BROWSER}</arg>
<doc>Opens a new browser instance to the optional ``url``.</doc>
<msg timestamp="20240126 13:53:43.764" level="INFO">Opening browser 'google chrome' to base url 'about:blank'.</msg>
<status status="PASS" starttime="20240126 13:53:43.764" endtime="20240126 13:53:45.628"/>
</kw>
<status status="PASS" starttime="20240126 13:53:43.763" endtime="20240126 13:53:45.628"/>
</kw>
<kw name="Go to Main Page" library="TestLogic">
<kw name="Navigate To" library="MainPage">
<kw name="Go To" library="SeleniumLibrary">
<arg>${TEST_URL}</arg>
<doc>Navigates the current browser window to the provided ``url``.</doc>
<msg timestamp="20240126 13:53:45.628" level="INFO">Opening url 'https://automationplayground.com/front-office/'</msg>
<status status="PASS" starttime="20240126 13:53:45.628" endtime="20240126 13:53:47.172"/>
</kw>
<status status="PASS" starttime="20240126 13:53:45.628" endtime="20240126 13:53:47.172"/>
</kw>
<kw name="Verify Page Loaded" library="MainPage">
<kw name="Wait Until Page Contains" library="SeleniumLibrary">
<arg>${MAIN_PAGE_TEXT}</arg>
<doc>Waits until ``text`` appears on the current page.</doc>
<status status="PASS" starttime="20240126 13:53:47.172" endtime="20240126 13:53:47.195"/>
</kw>
<status status="PASS" starttime="20240126 13:53:47.172" endtime="20240126 13:53:47.195"/>
</kw>
<status status="PASS" starttime="20240126 13:53:45.628" endtime="20240126 13:53:47.196"/>
</kw>
<kw name="End Web Test" library="Common" type="TEARDOWN">
<kw name="Close Browser" library="SeleniumLibrary">
<doc>Closes the current browser.</doc>
<status status="PASS" starttime="20240126 13:53:47.196" endtime="20240126 13:53:49.317"/>
</kw>
<status status="PASS" starttime="20240126 13:53:47.196" endtime="20240126 13:53:49.317"/>
</kw>
<doc>test main page loads successfully</doc>
<tag>Naviagation cases</tag>
<status status="PASS" starttime="20240126 13:53:43.763" endtime="20240126 13:53:49.317"/>
</test>
<test id="s1-t2" name="ServicesSection loads successfully" line="27">
<kw name="Begin Web Test" library="Common" type="SETUP">
<kw name="Open Browser" library="SeleniumLibrary">
<arg>about:blank</arg>
<arg>${BROWSER}</arg>
<doc>Opens a new browser instance to the optional ``url``.</doc>
<msg timestamp="20240126 13:53:49.319" level="INFO">Opening browser 'google chrome' to base url 'about:blank'.</msg>
<status status="PASS" starttime="20240126 13:53:49.319" endtime="20240126 13:53:50.619"/>
</kw>
<status status="PASS" starttime="20240126 13:53:49.318" endtime="20240126 13:53:50.619"/>
</kw>
<kw name="Go to Services Section" library="TestLogic">
<kw name="Navigate To" library="ServicesPage">
<kw name="Go To" library="SeleniumLibrary">
<arg>${TEST_URL}</arg>
<doc>Navigates the current browser window to the provided ``url``.</doc>
<msg timestamp="20240126 13:53:50.621" level="INFO">Opening url 'https://automationplayground.com/front-office/'</msg>
<status status="PASS" starttime="20240126 13:53:50.621" endtime="20240126 13:53:52.177"/>
</kw>
<status status="PASS" starttime="20240126 13:53:50.620" endtime="20240126 13:53:52.177"/>
</kw>
<kw name="Click &quot;Services&quot; Section" library="ServicesPage">
<kw name="Click Link" library="SeleniumLibrary">
<arg>${SERVICES_IN_NAV}</arg>
<doc>Clicks a link identified by ``locator``.</doc>
<msg timestamp="20240126 13:53:52.178" level="INFO">Clicking link 'xpath=/html/body/nav/div/div[2]/ul/li[2]/a'.</msg>
<status status="PASS" starttime="20240126 13:53:52.178" endtime="20240126 13:53:52.243"/>
</kw>
<status status="PASS" starttime="20240126 13:53:52.177" endtime="20240126 13:53:52.243"/>
</kw>
<kw name="Set Selenium Speed" library="SeleniumLibrary">
<arg>1</arg>
<doc>Sets the delay that is waited after each Selenium command.</doc>
<status status="PASS" starttime="20240126 13:53:52.243" endtime="20240126 13:53:52.243"/>
</kw>
<kw name="Verify Page Loaded" library="ServicesPage">
<kw name="Wait Until Page Contains" library="SeleniumLibrary">
<arg>${SERVICES_HEADER_TEXT}</arg>
<doc>Waits until ``text`` appears on the current page.</doc>
<status status="PASS" starttime="20240126 13:53:52.244" endtime="20240126 13:53:53.256"/>
</kw>
<status status="PASS" starttime="20240126 13:53:52.243" endtime="20240126 13:53:53.256"/>
</kw>
<status status="PASS" starttime="20240126 13:53:50.620" endtime="20240126 13:53:53.256"/>
</kw>
<kw name="End Web Test" library="Common" type="TEARDOWN">
<kw name="Close Browser" library="SeleniumLibrary">
<doc>Closes the current browser.</doc>
<status status="PASS" starttime="20240126 13:53:53.256" endtime="20240126 13:53:56.308"/>
</kw>
<status status="PASS" starttime="20240126 13:53:53.256" endtime="20240126 13:53:56.308"/>
</kw>
<doc>test services section loads successfully</doc>
<tag>Naviagation cases</tag>
<status status="PASS" starttime="20240126 13:53:49.318" endtime="20240126 13:53:56.308"/>
</test>
<test id="s1-t3" name="PortfolioSection loads sucessfully" line="32">
<kw name="Begin Web Test" library="Common" type="SETUP">
<kw name="Open Browser" library="SeleniumLibrary">
<arg>about:blank</arg>
<arg>${BROWSER}</arg>
<doc>Opens a new browser instance to the optional ``url``.</doc>
<msg timestamp="20240126 13:53:56.310" level="INFO">Opening browser 'google chrome' to base url 'about:blank'.</msg>
<status status="PASS" starttime="20240126 13:53:56.309" endtime="20240126 13:53:58.610"/>
</kw>
<status status="PASS" starttime="20240126 13:53:56.309" endtime="20240126 13:53:58.610"/>
</kw>
<kw name="Go to Portfolio Section" library="TestLogic">
<kw name="Navigate To" library="PortfolioPage">
<kw name="Go To" library="SeleniumLibrary">
<arg>${TEST_URL}</arg>
<doc>Navigates the current browser window to the provided ``url``.</doc>
<msg timestamp="20240126 13:53:58.610" level="INFO">Opening url 'https://automationplayground.com/front-office/'</msg>
<status status="PASS" starttime="20240126 13:53:58.610" endtime="20240126 13:54:01.293"/>
</kw>
<status status="PASS" starttime="20240126 13:53:58.610" endtime="20240126 13:54:01.293"/>
</kw>
<kw name="Click &quot;Portfolio&quot; Section" library="PortfolioPage">
<kw name="Click Link" library="SeleniumLibrary">
<arg>${portfolio_in_nav}</arg>
<doc>Clicks a link identified by ``locator``.</doc>
<msg timestamp="20240126 13:54:01.294" level="INFO">Clicking link 'xpath=/html/body/nav/div/div[2]/ul/li[3]/a'.</msg>
<status status="PASS" starttime="20240126 13:54:01.293" endtime="20240126 13:54:04.345"/>
</kw>
<status status="PASS" starttime="20240126 13:54:01.293" endtime="20240126 13:54:04.346"/>
</kw>
<kw name="Set Selenium Speed" library="SeleniumLibrary">
<arg>1</arg>
<doc>Sets the delay that is waited after each Selenium command.</doc>
<status status="PASS" starttime="20240126 13:54:04.346" endtime="20240126 13:54:04.346"/>
</kw>
<kw name="Verify Page Loaded" library="PortfolioPage">
<kw name="Wait Until Page Contains" library="SeleniumLibrary">
<arg>${PORTFOLIO_HEADER_TEXT}</arg>
<doc>Waits until ``text`` appears on the current page.</doc>
<status status="PASS" starttime="20240126 13:54:04.346" endtime="20240126 13:54:05.358"/>
</kw>
<status status="PASS" starttime="20240126 13:54:04.346" endtime="20240126 13:54:05.358"/>
</kw>
<status status="PASS" starttime="20240126 13:53:58.610" endtime="20240126 13:54:05.358"/>
</kw>
<kw name="End Web Test" library="Common" type="TEARDOWN">
<kw name="Close Browser" library="SeleniumLibrary">
<doc>Closes the current browser.</doc>
<status status="PASS" starttime="20240126 13:54:05.358" endtime="20240126 13:54:08.400"/>
</kw>
<status status="PASS" starttime="20240126 13:54:05.358" endtime="20240126 13:54:08.400"/>
</kw>
<doc>test portfolio section loads successfully</doc>
<tag>Naviagtion cases</tag>
<status status="PASS" starttime="20240126 13:53:56.309" endtime="20240126 13:54:08.400"/>
</test>
<test id="s1-t4" name="AboutSection loads successfully" line="37">
<kw name="Begin Web Test" library="Common" type="SETUP">
<kw name="Open Browser" library="SeleniumLibrary">
<arg>about:blank</arg>
<arg>${BROWSER}</arg>
<doc>Opens a new browser instance to the optional ``url``.</doc>
<msg timestamp="20240126 13:54:08.402" level="INFO">Opening browser 'google chrome' to base url 'about:blank'.</msg>
<status status="PASS" starttime="20240126 13:54:08.402" endtime="20240126 13:54:10.705"/>
</kw>
<status status="PASS" starttime="20240126 13:54:08.402" endtime="20240126 13:54:10.705"/>
</kw>
<kw name="Go to About Section" library="TestLogic">
<kw name="Navigate To" library="AboutPage">
<kw name="Go To" library="SeleniumLibrary">
<arg>${TEST_URL}</arg>
<doc>Navigates the current browser window to the provided ``url``.</doc>
<msg timestamp="20240126 13:54:10.706" level="INFO">Opening url 'https://automationplayground.com/front-office/'</msg>
<status status="PASS" starttime="20240126 13:54:10.706" endtime="20240126 13:54:13.202"/>
</kw>
<status status="PASS" starttime="20240126 13:54:10.706" endtime="20240126 13:54:13.202"/>
</kw>
<kw name="Click &quot;About&quot; Section" library="AboutPage">
<kw name="Click Link" library="SeleniumLibrary">
<arg>${ABOUT_IN_NAV}</arg>
<doc>Clicks a link identified by ``locator``.</doc>
<msg timestamp="20240126 13:54:13.202" level="INFO">Clicking link 'xpath=/html/body/nav/div/div[2]/ul/li[4]/a'.</msg>
<status status="PASS" starttime="20240126 13:54:13.202" endtime="20240126 13:54:16.255"/>
</kw>
<status status="PASS" starttime="20240126 13:54:13.202" endtime="20240126 13:54:16.255"/>
</kw>
<kw name="Set Selenium Speed" library="SeleniumLibrary">
<arg>1</arg>
<doc>Sets the delay that is waited after each Selenium command.</doc>
<status status="PASS" starttime="20240126 13:54:16.255" endtime="20240126 13:54:16.255"/>
</kw>
<kw name="Verify Page Loaded" library="AboutPage">
<kw name="Wait Until Page Contains" library="SeleniumLibrary">
<arg>${ABOUT_HEADER_TEXT}</arg>
<doc>Waits until ``text`` appears on the current page.</doc>
<status status="PASS" starttime="20240126 13:54:16.255" endtime="20240126 13:54:17.268"/>
</kw>
<status status="PASS" starttime="20240126 13:54:16.255" endtime="20240126 13:54:17.268"/>
</kw>
<status status="PASS" starttime="20240126 13:54:10.706" endtime="20240126 13:54:17.268"/>
</kw>
<kw name="End Web Test" library="Common" type="TEARDOWN">
<kw name="Close Browser" library="SeleniumLibrary">
<doc>Closes the current browser.</doc>
<status status="PASS" starttime="20240126 13:54:17.268" endtime="20240126 13:54:20.336"/>
</kw>
<status status="PASS" starttime="20240126 13:54:17.268" endtime="20240126 13:54:20.336"/>
</kw>
<doc>test about section loads successfully</doc>
<tag>Naviagtion cases</tag>
<status status="PASS" starttime="20240126 13:54:08.401" endtime="20240126 13:54:20.336"/>
</test>
<test id="s1-t5" name="TeamSection loads successfully" line="43">
<kw name="Begin Web Test" library="Common" type="SETUP">
<kw name="Open Browser" library="SeleniumLibrary">
<arg>about:blank</arg>
<arg>${BROWSER}</arg>
<doc>Opens a new browser instance to the optional ``url``.</doc>
<msg timestamp="20240126 13:54:20.338" level="INFO">Opening browser 'google chrome' to base url 'about:blank'.</msg>
<status status="PASS" starttime="20240126 13:54:20.337" endtime="20240126 13:54:22.625"/>
</kw>
<status status="PASS" starttime="20240126 13:54:20.337" endtime="20240126 13:54:22.625"/>
</kw>
<kw name="Go to Team Section" library="TestLogic">
<kw name="Navigate To" library="TeamPage">
<kw name="Go To" library="SeleniumLibrary">
<arg>${TEST_URL}</arg>
<doc>Navigates the current browser window to the provided ``url``.</doc>
<msg timestamp="20240126 13:54:22.626" level="INFO">Opening url 'https://automationplayground.com/front-office/'</msg>
<status status="PASS" starttime="20240126 13:54:22.626" endtime="20240126 13:54:25.185"/>
</kw>
<status status="PASS" starttime="20240126 13:54:22.626" endtime="20240126 13:54:25.185"/>
</kw>
<kw name="Click &quot;Team&quot; Section" library="TeamPage">
<kw name="Click Link" library="SeleniumLibrary">
<arg>${TEAM_IN_NAV}</arg>
<doc>Clicks a link identified by ``locator``.</doc>
<msg timestamp="20240126 13:54:25.185" level="INFO">Clicking link 'xpath=/html/body/nav/div/div[2]/ul/li[5]/a'.</msg>
<status status="PASS" starttime="20240126 13:54:25.185" endtime="20240126 13:54:28.238"/>
</kw>
<status status="PASS" starttime="20240126 13:54:25.185" endtime="20240126 13:54:28.238"/>
</kw>
<kw name="Set Selenium Speed" library="SeleniumLibrary">
<arg>1</arg>
<doc>Sets the delay that is waited after each Selenium command.</doc>
<status status="PASS" starttime="20240126 13:54:28.238" endtime="20240126 13:54:28.238"/>
</kw>
<kw name="Verify Page Loaded" library="TeamPage">
<kw name="Wait Until Page Contains" library="SeleniumLibrary">
<arg>${TEAM_HEADER_TEXT}</arg>
<doc>Waits until ``text`` appears on the current page.</doc>
<status status="PASS" starttime="20240126 13:54:28.238" endtime="20240126 13:54:29.250"/>
</kw>
<status status="PASS" starttime="20240126 13:54:28.238" endtime="20240126 13:54:29.250"/>
</kw>
<status status="PASS" starttime="20240126 13:54:22.625" endtime="20240126 13:54:29.250"/>
</kw>
<kw name="End Web Test" library="Common" type="TEARDOWN">
<kw name="Close Browser" library="SeleniumLibrary">
<doc>Closes the current browser.</doc>
<status status="PASS" starttime="20240126 13:54:29.250" endtime="20240126 13:54:32.326"/>
</kw>
<status status="PASS" starttime="20240126 13:54:29.250" endtime="20240126 13:54:32.326"/>
</kw>
<doc>test team section loads successfully</doc>
<tag>Naviagtion cases</tag>
<status status="PASS" starttime="20240126 13:54:20.337" endtime="20240126 13:54:32.326"/>
</test>
<test id="s1-t6" name="ContactSection loads successfully" line="48">
<kw name="Begin Web Test" library="Common" type="SETUP">
<kw name="Open Browser" library="SeleniumLibrary">
<arg>about:blank</arg>
<arg>${BROWSER}</arg>
<doc>Opens a new browser instance to the optional ``url``.</doc>
<msg timestamp="20240126 13:54:32.328" level="INFO">Opening browser 'google chrome' to base url 'about:blank'.</msg>
<status status="PASS" starttime="20240126 13:54:32.328" endtime="20240126 13:54:34.617"/>
</kw>
<status status="PASS" starttime="20240126 13:54:32.327" endtime="20240126 13:54:34.617"/>
</kw>
<kw name="Go to Contact Section" library="TestLogic">
<kw name="Navigate To" library="ContactPage">
<kw name="Go To" library="SeleniumLibrary">
<arg>${TEST_URL}</arg>
<doc>Navigates the current browser window to the provided ``url``.</doc>
<msg timestamp="20240126 13:54:34.617" level="INFO">Opening url 'https://automationplayground.com/front-office/'</msg>
<status status="PASS" starttime="20240126 13:54:34.617" endtime="20240126 13:54:37.277"/>
</kw>
<status status="PASS" starttime="20240126 13:54:34.617" endtime="20240126 13:54:37.277"/>
</kw>
<kw name="Click &quot;Contact&quot; Section" library="ContactPage">
<kw name="Click Link" library="SeleniumLibrary">
<arg>${CONTACT_US_IN_NAV}</arg>
<doc>Clicks a link identified by ``locator``.</doc>
<msg timestamp="20240126 13:54:37.277" level="INFO">Clicking link 'xpath=/html/body/nav/div/div[2]/ul/li[6]/a'.</msg>
<status status="PASS" starttime="20240126 13:54:37.277" endtime="20240126 13:54:40.329"/>
</kw>
<status status="PASS" starttime="20240126 13:54:37.277" endtime="20240126 13:54:40.329"/>
</kw>
<kw name="Set Selenium Speed" library="SeleniumLibrary">
<arg>1</arg>
<doc>Sets the delay that is waited after each Selenium command.</doc>
<status status="PASS" starttime="20240126 13:54:40.329" endtime="20240126 13:54:40.329"/>
</kw>
<kw name="Verify Page Loaded" library="ContactPage">
<kw name="Wait Until Page Contains" library="SeleniumLibrary">
<arg>${CONTACT_US_HEADER_TEXT}</arg>
<doc>Waits until ``text`` appears on the current page.</doc>
<status status="PASS" starttime="20240126 13:54:40.329" endtime="20240126 13:54:41.342"/>
</kw>
<status status="PASS" starttime="20240126 13:54:40.329" endtime="20240126 13:54:41.342"/>
</kw>
<status status="PASS" starttime="20240126 13:54:34.617" endtime="20240126 13:54:41.342"/>
</kw>
<kw name="End Web Test" library="Common" type="TEARDOWN">
<kw name="Close Browser" library="SeleniumLibrary">
<doc>Closes the current browser.</doc>
<status status="PASS" starttime="20240126 13:54:41.342" endtime="20240126 13:54:44.391"/>
</kw>
<status status="PASS" starttime="20240126 13:54:41.342" endtime="20240126 13:54:44.391"/>
</kw>
<doc>test contact section loads successfully</doc>
<tag>Naviagtion cases</tag>
<status status="PASS" starttime="20240126 13:54:32.327" endtime="20240126 13:54:44.391"/>
</test>
<status status="PASS" starttime="20240126 13:53:43.468" endtime="20240126 13:54:44.391"/>
</suite>
<statistics>
<total>
<stat pass="6" fail="0" skip="0">All Tests</stat>
</total>
<tag>
<stat pass="2" fail="0" skip="0">Naviagation cases</stat>
<stat pass="4" fail="0" skip="0">Naviagtion cases</stat>
</tag>
<suite>
<stat pass="6" fail="0" skip="0" id="s1" name="Webtest">Webtest</stat>
</suite>
</statistics>
<errors>
</errors>
</robot>
